        -:    0:Source:digits.c
        -:    0:Graph:testdigits-digits.gcno
        -:    0:Data:testdigits-digits.gcda
        -:    0:Runs:1
        -:    1:/* Starter code for Lab 6.1 Activity
        -:    2: *
        -:    3: * This file will not compile as is. You need to create the digits function.
        -:    4: *
        -:    5: */
        -:    6:#include <stdio.h>
        -:    7:#include <stdlib.h>
        -:    8:
        -:    9:/* Main function. Runs test cases for the digits function.
        -:   10: * Exits with failure code on first test case fail.
        -:   11: * Otherwise exits with success.
        -:   12: */
        -:   13:
        1:   14:int digits(long n, int *max, int *min) {
        -:   15:
        1:   16:    int sum = 0;
        1:   17:    int digit = n%10;
        1:   18:    *max = digit;
        1:   19:    *min = digit;
        -:   20:
        6:   21:	while (n > 0) {
        5:   22:        digit = n % 10;
        5:   23:        if (digit < *min) {
        2:   24:            *min = digit;
        -:   25:        }
        5:   26:        if (digit > *max) {
        1:   27:            *max = digit;
        -:   28:        }
        5:   29:        sum = sum + digit;
        5:   30:        n = n / 10;
        -:   31:    }
        -:   32:
        1:   33:    return sum;
        -:   34:	
        -:   35:}
        -:   36:
